{"/home/mikoto/fullstackopen/part5/notes-frontend/src/App.jsx": {"path":"/home/mikoto/fullstackopen/part5/notes-frontend/src/App.jsx","statementMap":{"0":{"start":{"line":13,"column":12},"end":{"line":134,"column":1}},"1":{"start":{"line":14,"column":37},"end":{"line":14,"column":48}},"2":{"start":{"line":16,"column":28},"end":{"line":16,"column":40}},"3":{"start":{"line":17,"column":32},"end":{"line":17,"column":46}},"4":{"start":{"line":18,"column":42},"end":{"line":18,"column":56}},"5":{"start":{"line":19,"column":26},"end":{"line":19,"column":40}},"6":{"start":{"line":21,"column":2},"end":{"line":23,"column":14}},"7":{"start":{"line":22,"column":4},"end":{"line":22,"column":45}},"8":{"start":{"line":22,"column":29},"end":{"line":22,"column":44}},"9":{"start":{"line":25,"column":2},"end":{"line":33,"column":8}},"10":{"start":{"line":26,"column":21},"end":{"line":26,"column":63}},"11":{"start":{"line":27,"column":4},"end":{"line":32,"column":5}},"12":{"start":{"line":28,"column":19},"end":{"line":28,"column":39}},"13":{"start":{"line":30,"column":6},"end":{"line":30,"column":19}},"14":{"start":{"line":31,"column":6},"end":{"line":31,"column":38}},"15":{"start":{"line":35,"column":22},"end":{"line":35,"column":30}},"16":{"start":{"line":37,"column":27},"end":{"line":54,"column":3}},"17":{"start":{"line":39,"column":17},"end":{"line":39,"column":53}},"18":{"start":{"line":39,"column":38},"end":{"line":39,"column":52}},"19":{"start":{"line":40,"column":20},"end":{"line":40,"column":59}},"20":{"start":{"line":42,"column":4},"end":{"line":53,"column":8}},"21":{"start":{"line":44,"column":8},"end":{"line":44,"column":63}},"22":{"start":{"line":44,"column":35},"end":{"line":44,"column":60}},"23":{"start":{"line":47,"column":8},"end":{"line":49,"column":9}},"24":{"start":{"line":50,"column":8},"end":{"line":52,"column":16}},"25":{"start":{"line":51,"column":10},"end":{"line":51,"column":31}},"26":{"start":{"line":56,"column":21},"end":{"line":67,"column":3}},"27":{"start":{"line":57,"column":4},"end":{"line":57,"column":42}},"28":{"start":{"line":58,"column":4},"end":{"line":66,"column":8}},"29":{"start":{"line":59,"column":22},"end":{"line":59,"column":48}},"30":{"start":{"line":61,"column":8},"end":{"line":61,"column":44}},"31":{"start":{"line":63,"column":8},"end":{"line":65,"column":16}},"32":{"start":{"line":64,"column":10},"end":{"line":64,"column":31}},"33":{"start":{"line":69,"column":22},"end":{"line":69,"column":48}},"34":{"start":{"line":69,"column":28},"end":{"line":69,"column":48}},"35":{"start":{"line":70,"column":19},"end":{"line":84,"column":3}},"36":{"start":{"line":71,"column":4},"end":{"line":83,"column":5}},"37":{"start":{"line":72,"column":19},"end":{"line":72,"column":56}},"38":{"start":{"line":74,"column":6},"end":{"line":74,"column":19}},"39":{"start":{"line":75,"column":6},"end":{"line":75,"column":38}},"40":{"start":{"line":76,"column":6},"end":{"line":76,"column":70}},"41":{"start":{"line":78,"column":6},"end":{"line":78,"column":42}},"42":{"start":{"line":80,"column":6},"end":{"line":82,"column":14}},"43":{"start":{"line":81,"column":8},"end":{"line":81,"column":29}},"44":{"start":{"line":86,"column":22},"end":{"line":86,"column":78}},"45":{"start":{"line":86,"column":63},"end":{"line":86,"column":77}},"46":{"start":{"line":88,"column":20},"end":{"line":94,"column":3}},"47":{"start":{"line":89,"column":4},"end":{"line":93,"column":5}},"48":{"start":{"line":96,"column":19},"end":{"line":102,"column":3}},"49":{"start":{"line":97,"column":4},"end":{"line":101,"column":5}},"50":{"start":{"line":104,"column":2},"end":{"line":133,"column":3}},"51":{"start":{"line":118,"column":10},"end":{"line":124,"column":11}},"52":{"start":{"line":120,"column":38},"end":{"line":120,"column":63}}},"fnMap":{"0":{"name":"(anonymous_0)","decl":{"start":{"line":13,"column":12},"end":{"line":13,"column":13}},"loc":{"start":{"line":13,"column":18},"end":{"line":134,"column":1}},"line":13},"1":{"name":"(anonymous_1)","decl":{"start":{"line":21,"column":12},"end":{"line":21,"column":13}},"loc":{"start":{"line":21,"column":18},"end":{"line":23,"column":3}},"line":21},"2":{"name":"(anonymous_2)","decl":{"start":{"line":22,"column":18},"end":{"line":22,"column":19}},"loc":{"start":{"line":22,"column":29},"end":{"line":22,"column":44}},"line":22},"3":{"name":"(anonymous_3)","decl":{"start":{"line":25,"column":12},"end":{"line":25,"column":13}},"loc":{"start":{"line":25,"column":18},"end":{"line":33,"column":3}},"line":25},"4":{"name":"(anonymous_4)","decl":{"start":{"line":37,"column":27},"end":{"line":37,"column":28}},"loc":{"start":{"line":37,"column":35},"end":{"line":54,"column":3}},"line":37},"5":{"name":"(anonymous_5)","decl":{"start":{"line":39,"column":28},"end":{"line":39,"column":29}},"loc":{"start":{"line":39,"column":38},"end":{"line":39,"column":52}},"line":39},"6":{"name":"(anonymous_6)","decl":{"start":{"line":43,"column":12},"end":{"line":43,"column":13}},"loc":{"start":{"line":44,"column":8},"end":{"line":44,"column":63}},"line":44},"7":{"name":"(anonymous_7)","decl":{"start":{"line":44,"column":27},"end":{"line":44,"column":28}},"loc":{"start":{"line":44,"column":35},"end":{"line":44,"column":60}},"line":44},"8":{"name":"(anonymous_8)","decl":{"start":{"line":46,"column":13},"end":{"line":46,"column":14}},"loc":{"start":{"line":46,"column":19},"end":{"line":53,"column":7}},"line":46},"9":{"name":"(anonymous_9)","decl":{"start":{"line":50,"column":19},"end":{"line":50,"column":20}},"loc":{"start":{"line":50,"column":25},"end":{"line":52,"column":9}},"line":50},"10":{"name":"(anonymous_10)","decl":{"start":{"line":56,"column":21},"end":{"line":56,"column":22}},"loc":{"start":{"line":56,"column":31},"end":{"line":67,"column":3}},"line":56},"11":{"name":"(anonymous_11)","decl":{"start":{"line":59,"column":12},"end":{"line":59,"column":13}},"loc":{"start":{"line":59,"column":22},"end":{"line":59,"column":48}},"line":59},"12":{"name":"(anonymous_12)","decl":{"start":{"line":60,"column":13},"end":{"line":60,"column":14}},"loc":{"start":{"line":60,"column":24},"end":{"line":66,"column":7}},"line":60},"13":{"name":"(anonymous_13)","decl":{"start":{"line":63,"column":19},"end":{"line":63,"column":20}},"loc":{"start":{"line":63,"column":25},"end":{"line":65,"column":9}},"line":63},"14":{"name":"(anonymous_14)","decl":{"start":{"line":69,"column":22},"end":{"line":69,"column":23}},"loc":{"start":{"line":69,"column":28},"end":{"line":69,"column":48}},"line":69},"15":{"name":"(anonymous_15)","decl":{"start":{"line":70,"column":19},"end":{"line":70,"column":20}},"loc":{"start":{"line":70,"column":42},"end":{"line":84,"column":3}},"line":70},"16":{"name":"(anonymous_16)","decl":{"start":{"line":80,"column":17},"end":{"line":80,"column":18}},"loc":{"start":{"line":80,"column":23},"end":{"line":82,"column":7}},"line":80},"17":{"name":"(anonymous_17)","decl":{"start":{"line":86,"column":53},"end":{"line":86,"column":54}},"loc":{"start":{"line":86,"column":63},"end":{"line":86,"column":77}},"line":86},"18":{"name":"(anonymous_18)","decl":{"start":{"line":88,"column":20},"end":{"line":88,"column":21}},"loc":{"start":{"line":88,"column":26},"end":{"line":94,"column":3}},"line":88},"19":{"name":"(anonymous_19)","decl":{"start":{"line":96,"column":19},"end":{"line":96,"column":20}},"loc":{"start":{"line":96,"column":25},"end":{"line":102,"column":3}},"line":96},"20":{"name":"(anonymous_20)","decl":{"start":{"line":117,"column":25},"end":{"line":117,"column":26}},"loc":{"start":{"line":117,"column":35},"end":{"line":125,"column":9}},"line":117},"21":{"name":"(anonymous_21)","decl":{"start":{"line":120,"column":32},"end":{"line":120,"column":33}},"loc":{"start":{"line":120,"column":38},"end":{"line":120,"column":63}},"line":120}},"branchMap":{"0":{"loc":{"start":{"line":27,"column":4},"end":{"line":32,"column":5}},"type":"if","locations":[{"start":{"line":27,"column":4},"end":{"line":32,"column":5}},{"start":{},"end":{}}],"line":27},"1":{"loc":{"start":{"line":44,"column":35},"end":{"line":44,"column":60}},"type":"cond-expr","locations":[{"start":{"line":44,"column":49},"end":{"line":44,"column":56}},{"start":{"line":44,"column":59},"end":{"line":44,"column":60}}],"line":44},"2":{"loc":{"start":{"line":86,"column":22},"end":{"line":86,"column":78}},"type":"cond-expr","locations":[{"start":{"line":86,"column":32},"end":{"line":86,"column":37}},{"start":{"line":86,"column":40},"end":{"line":86,"column":78}}],"line":86},"3":{"loc":{"start":{"line":108,"column":7},"end":{"line":115,"column":7}},"type":"cond-expr","locations":[{"start":{"line":109,"column":8},"end":{"line":112,"column":14}},{"start":{"line":114,"column":8},"end":{"line":114,"column":19}}],"line":108},"4":{"loc":{"start":{"line":129,"column":14},"end":{"line":129,"column":58}},"type":"cond-expr","locations":[{"start":{"line":129,"column":24},"end":{"line":129,"column":45}},{"start":{"line":129,"column":48},"end":{"line":129,"column":58}}],"line":129}},"s":{"0":0,"1":0,"2":0,"3":0,"4":0,"5":0,"6":0,"7":0,"8":0,"9":0,"10":0,"11":0,"12":0,"13":0,"14":0,"15":0,"16":0,"17":0,"18":0,"19":0,"20":0,"21":0,"22":0,"23":0,"24":0,"25":0,"26":0,"27":0,"28":0,"29":0,"30":0,"31":0,"32":0,"33":0,"34":0,"35":0,"36":0,"37":0,"38":0,"39":0,"40":0,"41":0,"42":0,"43":0,"44":0,"45":0,"46":0,"47":0,"48":0,"49":0,"50":0,"51":0,"52":0},"f":{"0":0,"1":0,"2":0,"3":0,"4":0,"5":0,"6":0,"7":0,"8":0,"9":0,"10":0,"11":0,"12":0,"13":0,"14":0,"15":0,"16":0,"17":0,"18":0,"19":0,"20":0,"21":0},"b":{"0":[0,0],"1":[0,0],"2":[0,0],"3":[0,0],"4":[0,0]}}
,"/home/mikoto/fullstackopen/part5/notes-frontend/src/main.jsx": {"path":"/home/mikoto/fullstackopen/part5/notes-frontend/src/main.jsx","statementMap":{"0":{"start":{"line":6,"column":0},"end":{"line":6,"column":68}}},"fnMap":{},"branchMap":{},"s":{"0":0},"f":{},"b":{}}
,"/home/mikoto/fullstackopen/part5/notes-frontend/src/components/FilterButton.jsx": {"path":"/home/mikoto/fullstackopen/part5/notes-frontend/src/components/FilterButton.jsx","statementMap":{"0":{"start":{"line":3,"column":21},"end":{"line":5,"column":1}},"1":{"start":{"line":4,"column":2},"end":{"line":4,"column":54}},"2":{"start":{"line":7,"column":0},"end":{"line":10,"column":1}}},"fnMap":{"0":{"name":"(anonymous_0)","decl":{"start":{"line":3,"column":21},"end":{"line":3,"column":22}},"loc":{"start":{"line":3,"column":48},"end":{"line":5,"column":1}},"line":3}},"branchMap":{},"s":{"0":0,"1":0,"2":0},"f":{"0":0},"b":{}}
,"/home/mikoto/fullstackopen/part5/notes-frontend/src/components/Footer.jsx": {"path":"/home/mikoto/fullstackopen/part5/notes-frontend/src/components/Footer.jsx","statementMap":{"0":{"start":{"line":1,"column":15},"end":{"line":16,"column":1}},"1":{"start":{"line":2,"column":22},"end":{"line":6,"column":3}},"2":{"start":{"line":8,"column":2},"end":{"line":15,"column":3}}},"fnMap":{"0":{"name":"(anonymous_0)","decl":{"start":{"line":1,"column":15},"end":{"line":1,"column":16}},"loc":{"start":{"line":1,"column":21},"end":{"line":16,"column":1}},"line":1}},"branchMap":{},"s":{"0":0,"1":0,"2":0},"f":{"0":0},"b":{}}
,"/home/mikoto/fullstackopen/part5/notes-frontend/src/components/LoginForm.jsx": {"path":"/home/mikoto/fullstackopen/part5/notes-frontend/src/components/LoginForm.jsx","statementMap":{"0":{"start":{"line":4,"column":18},"end":{"line":42,"column":1}},"1":{"start":{"line":7,"column":34},"end":{"line":7,"column":46}},"2":{"start":{"line":8,"column":34},"end":{"line":8,"column":46}},"3":{"start":{"line":10,"column":22},"end":{"line":17,"column":3}},"4":{"start":{"line":11,"column":4},"end":{"line":11,"column":26}},"5":{"start":{"line":13,"column":4},"end":{"line":13,"column":36}},"6":{"start":{"line":15,"column":4},"end":{"line":15,"column":19}},"7":{"start":{"line":16,"column":4},"end":{"line":16,"column":19}},"8":{"start":{"line":19,"column":2},"end":{"line":41,"column":3}},"9":{"start":{"line":27,"column":31},"end":{"line":27,"column":62}},"10":{"start":{"line":36,"column":31},"end":{"line":36,"column":62}},"11":{"start":{"line":44,"column":0},"end":{"line":46,"column":1}}},"fnMap":{"0":{"name":"(anonymous_0)","decl":{"start":{"line":4,"column":18},"end":{"line":4,"column":19}},"loc":{"start":{"line":6,"column":6},"end":{"line":42,"column":1}},"line":6},"1":{"name":"(anonymous_1)","decl":{"start":{"line":10,"column":22},"end":{"line":10,"column":23}},"loc":{"start":{"line":10,"column":39},"end":{"line":17,"column":3}},"line":10},"2":{"name":"(anonymous_2)","decl":{"start":{"line":27,"column":20},"end":{"line":27,"column":21}},"loc":{"start":{"line":27,"column":31},"end":{"line":27,"column":62}},"line":27},"3":{"name":"(anonymous_3)","decl":{"start":{"line":36,"column":20},"end":{"line":36,"column":21}},"loc":{"start":{"line":36,"column":31},"end":{"line":36,"column":62}},"line":36}},"branchMap":{},"s":{"0":0,"1":0,"2":0,"3":0,"4":0,"5":0,"6":0,"7":0,"8":0,"9":0,"10":0,"11":0},"f":{"0":0,"1":0,"2":0,"3":0},"b":{}}
,"/home/mikoto/fullstackopen/part5/notes-frontend/src/components/Note.jsx": {"path":"/home/mikoto/fullstackopen/part5/notes-frontend/src/components/Note.jsx","statementMap":{"0":{"start":{"line":1,"column":13},"end":{"line":9,"column":1}},"1":{"start":{"line":2,"column":16},"end":{"line":2,"column":60}},"2":{"start":{"line":3,"column":2},"end":{"line":8,"column":3}}},"fnMap":{"0":{"name":"(anonymous_0)","decl":{"start":{"line":1,"column":13},"end":{"line":1,"column":14}},"loc":{"start":{"line":1,"column":45},"end":{"line":9,"column":1}},"line":1}},"branchMap":{"0":{"loc":{"start":{"line":2,"column":16},"end":{"line":2,"column":60}},"type":"cond-expr","locations":[{"start":{"line":2,"column":33},"end":{"line":2,"column":46}},{"start":{"line":2,"column":49},"end":{"line":2,"column":60}}],"line":2}},"s":{"0":1,"1":1,"2":1},"f":{"0":1},"b":{"0":[1,0]},"_coverageSchema":"1a1c01bbd47fc00a2c39e90264f33305004495a9","hash":"0314f3f801de4c586cad85916accb94ea06c0546"}
,"/home/mikoto/fullstackopen/part5/notes-frontend/src/components/NoteForm.jsx": {"path":"/home/mikoto/fullstackopen/part5/notes-frontend/src/components/NoteForm.jsx","statementMap":{"0":{"start":{"line":3,"column":17},"end":{"line":26,"column":1}},"1":{"start":{"line":4,"column":32},"end":{"line":4,"column":44}},"2":{"start":{"line":6,"column":18},"end":{"line":16,"column":3}},"3":{"start":{"line":7,"column":4},"end":{"line":7,"column":26}},"4":{"start":{"line":9,"column":4},"end":{"line":12,"column":6}},"5":{"start":{"line":15,"column":4},"end":{"line":15,"column":18}},"6":{"start":{"line":17,"column":2},"end":{"line":25,"column":3}},"7":{"start":{"line":21,"column":81},"end":{"line":21,"column":111}}},"fnMap":{"0":{"name":"(anonymous_0)","decl":{"start":{"line":3,"column":17},"end":{"line":3,"column":18}},"loc":{"start":{"line":3,"column":37},"end":{"line":26,"column":1}},"line":3},"1":{"name":"(anonymous_1)","decl":{"start":{"line":6,"column":18},"end":{"line":6,"column":19}},"loc":{"start":{"line":6,"column":29},"end":{"line":16,"column":3}},"line":6},"2":{"name":"(anonymous_2)","decl":{"start":{"line":21,"column":70},"end":{"line":21,"column":71}},"loc":{"start":{"line":21,"column":81},"end":{"line":21,"column":111}},"line":21}},"branchMap":{},"s":{"0":1,"1":14,"2":14,"3":1,"4":1,"5":1,"6":14,"7":12},"f":{"0":14,"1":1,"2":12},"b":{},"_coverageSchema":"1a1c01bbd47fc00a2c39e90264f33305004495a9","hash":"6d457189bdadb7ce4170bc8b9c5c294fe6a3d16b"}
,"/home/mikoto/fullstackopen/part5/notes-frontend/src/components/Notification.jsx": {"path":"/home/mikoto/fullstackopen/part5/notes-frontend/src/components/Notification.jsx","statementMap":{"0":{"start":{"line":3,"column":21},"end":{"line":9,"column":1}},"1":{"start":{"line":4,"column":2},"end":{"line":6,"column":3}},"2":{"start":{"line":5,"column":4},"end":{"line":5,"column":15}},"3":{"start":{"line":8,"column":2},"end":{"line":8,"column":47}},"4":{"start":{"line":11,"column":0},"end":{"line":13,"column":1}}},"fnMap":{"0":{"name":"(anonymous_0)","decl":{"start":{"line":3,"column":21},"end":{"line":3,"column":22}},"loc":{"start":{"line":3,"column":38},"end":{"line":9,"column":1}},"line":3}},"branchMap":{"0":{"loc":{"start":{"line":4,"column":2},"end":{"line":6,"column":3}},"type":"if","locations":[{"start":{"line":4,"column":2},"end":{"line":6,"column":3}},{"start":{},"end":{}}],"line":4}},"s":{"0":0,"1":0,"2":0,"3":0,"4":0},"f":{"0":0},"b":{"0":[0,0]}}
,"/home/mikoto/fullstackopen/part5/notes-frontend/src/components/Togglable.jsx": {"path":"/home/mikoto/fullstackopen/part5/notes-frontend/src/components/Togglable.jsx","statementMap":{"0":{"start":{"line":6,"column":18},"end":{"line":31,"column":2}},"1":{"start":{"line":7,"column":32},"end":{"line":7,"column":47}},"2":{"start":{"line":9,"column":26},"end":{"line":9,"column":59}},"3":{"start":{"line":10,"column":26},"end":{"line":10,"column":59}},"4":{"start":{"line":12,"column":27},"end":{"line":14,"column":3}},"5":{"start":{"line":13,"column":4},"end":{"line":13,"column":24}},"6":{"start":{"line":16,"column":2},"end":{"line":18,"column":4}},"7":{"start":{"line":17,"column":4},"end":{"line":17,"column":31}},"8":{"start":{"line":20,"column":2},"end":{"line":30,"column":3}},"9":{"start":{"line":33,"column":0},"end":{"line":35,"column":1}},"10":{"start":{"line":37,"column":0},"end":{"line":37,"column":35}}},"fnMap":{"0":{"name":"(anonymous_0)","decl":{"start":{"line":6,"column":29},"end":{"line":6,"column":30}},"loc":{"start":{"line":6,"column":45},"end":{"line":31,"column":1}},"line":6},"1":{"name":"(anonymous_1)","decl":{"start":{"line":12,"column":27},"end":{"line":12,"column":28}},"loc":{"start":{"line":12,"column":33},"end":{"line":14,"column":3}},"line":12},"2":{"name":"(anonymous_2)","decl":{"start":{"line":16,"column":27},"end":{"line":16,"column":28}},"loc":{"start":{"line":16,"column":33},"end":{"line":18,"column":3}},"line":16}},"branchMap":{"0":{"loc":{"start":{"line":9,"column":37},"end":{"line":9,"column":57}},"type":"cond-expr","locations":[{"start":{"line":9,"column":46},"end":{"line":9,"column":52}},{"start":{"line":9,"column":55},"end":{"line":9,"column":57}}],"line":9},"1":{"loc":{"start":{"line":10,"column":37},"end":{"line":10,"column":57}},"type":"cond-expr","locations":[{"start":{"line":10,"column":46},"end":{"line":10,"column":48}},{"start":{"line":10,"column":51},"end":{"line":10,"column":57}}],"line":10}},"s":{"0":1,"1":5,"2":5,"3":5,"4":5,"5":2,"6":5,"7":0,"8":5,"9":1,"10":1},"f":{"0":5,"1":2,"2":0},"b":{"0":[1,4],"1":[1,4]},"_coverageSchema":"1a1c01bbd47fc00a2c39e90264f33305004495a9","hash":"c052e0ba820f1d7495943abffb67f96dac91b4f9"}
,"/home/mikoto/fullstackopen/part5/notes-frontend/src/services/login.js": {"path":"/home/mikoto/fullstackopen/part5/notes-frontend/src/services/login.js","statementMap":{"0":{"start":{"line":3,"column":16},"end":{"line":3,"column":49}},"1":{"start":{"line":4,"column":14},"end":{"line":7,"column":1}},"2":{"start":{"line":5,"column":15},"end":{"line":5,"column":53}},"3":{"start":{"line":6,"column":2},"end":{"line":6,"column":18}}},"fnMap":{"0":{"name":"(anonymous_0)","decl":{"start":{"line":4,"column":14},"end":{"line":4,"column":15}},"loc":{"start":{"line":4,"column":37},"end":{"line":7,"column":1}},"line":4}},"branchMap":{},"s":{"0":0,"1":0,"2":0,"3":0},"f":{"0":0},"b":{}}
,"/home/mikoto/fullstackopen/part5/notes-frontend/src/services/notes.js": {"path":"/home/mikoto/fullstackopen/part5/notes-frontend/src/services/notes.js","statementMap":{"0":{"start":{"line":2,"column":16},"end":{"line":2,"column":49}},"1":{"start":{"line":4,"column":12},"end":{"line":4,"column":16}},"2":{"start":{"line":6,"column":17},"end":{"line":8,"column":1}},"3":{"start":{"line":7,"column":2},"end":{"line":7,"column":30}},"4":{"start":{"line":10,"column":15},"end":{"line":13,"column":4}},"5":{"start":{"line":11,"column":2},"end":{"line":13,"column":4}},"6":{"start":{"line":12,"column":4},"end":{"line":12,"column":20}},"7":{"start":{"line":15,"column":15},"end":{"line":21,"column":1}},"8":{"start":{"line":16,"column":17},"end":{"line":18,"column":3}},"9":{"start":{"line":19,"column":15},"end":{"line":19,"column":59}},"10":{"start":{"line":20,"column":2},"end":{"line":20,"column":18}},"11":{"start":{"line":23,"column":15},"end":{"line":24,"column":68}},"12":{"start":{"line":24,"column":2},"end":{"line":24,"column":68}},"13":{"start":{"line":24,"column":58},"end":{"line":24,"column":67}}},"fnMap":{"0":{"name":"(anonymous_0)","decl":{"start":{"line":6,"column":17},"end":{"line":6,"column":18}},"loc":{"start":{"line":6,"column":31},"end":{"line":8,"column":1}},"line":6},"1":{"name":"(anonymous_1)","decl":{"start":{"line":10,"column":15},"end":{"line":10,"column":16}},"loc":{"start":{"line":11,"column":2},"end":{"line":13,"column":4}},"line":11},"2":{"name":"(anonymous_2)","decl":{"start":{"line":11,"column":26},"end":{"line":11,"column":27}},"loc":{"start":{"line":11,"column":36},"end":{"line":13,"column":3}},"line":11},"3":{"name":"(anonymous_3)","decl":{"start":{"line":15,"column":15},"end":{"line":15,"column":16}},"loc":{"start":{"line":15,"column":36},"end":{"line":21,"column":1}},"line":15},"4":{"name":"(anonymous_4)","decl":{"start":{"line":23,"column":15},"end":{"line":23,"column":16}},"loc":{"start":{"line":24,"column":2},"end":{"line":24,"column":68}},"line":24},"5":{"name":"(anonymous_5)","decl":{"start":{"line":24,"column":48},"end":{"line":24,"column":49}},"loc":{"start":{"line":24,"column":58},"end":{"line":24,"column":67}},"line":24}},"branchMap":{},"s":{"0":0,"1":0,"2":0,"3":0,"4":0,"5":0,"6":0,"7":0,"8":0,"9":0,"10":0,"11":0,"12":0,"13":0},"f":{"0":0,"1":0,"2":0,"3":0,"4":0,"5":0},"b":{}}
}
